C51 COMPILER V9.52.0.0   MESSAGE                                                           11/28/2018 11:28:58 PAGE 1   


C51 COMPILER V9.52.0.0, COMPILATION OF MODULE MESSAGE
OBJECT MODULE PLACED IN message.obj
COMPILER INVOKED BY: C:\Keil\C51\BIN\C51.EXE OS\message.c LARGE OPTIMIZE(6,SPEED) BROWSE INCDIR(.\OS;.\APP;.\USER;.\SYS;
                    -.\DRIVES) DEBUG OBJECTEXTEND PRINT(.\message.lst) TABS(2) OBJECT(message.obj)

line level    source

   1          #define MSG_FLAG
   2          
   3          #include "includes.h"
   4          
   5          void MsgEvent(MessageId id,Message msg)
   6          {
   7   1        
   8   1      }
*** WARNING C280 IN LINE 5 OF OS\message.c: 'id': unreferenced local variable
*** WARNING C280 IN LINE 5 OF OS\message.c: 'msg': unreferenced local variable
   9          
  10          void MessageSend(void (*task)(void *pd), MessageId id, void *message);
  11          
  12          uint16 MessageCancelAll(void (*task)(void *pd), MessageId id);
  13          
  14          void MessageSendLater(void (*task)(void *pd), MessageId id, void *message, uint32 delay);


MODULE INFORMATION:   STATIC OVERLAYABLE
   CODE SIZE        =     15    ----
   CONSTANT SIZE    =   ----    ----
   XDATA SIZE       =   ----       4
   PDATA SIZE       =   ----    ----
   DATA SIZE        =   ----    ----
   IDATA SIZE       =   ----    ----
   BIT SIZE         =   ----    ----
END OF MODULE INFORMATION.


C51 COMPILATION COMPLETE.  2 WARNING(S),  0 ERROR(S)
