C51 COMPILER V9.52.0.0   OS_TASK                                                           11/28/2018 11:29:43 PAGE 1   


C51 COMPILER V9.52.0.0, COMPILATION OF MODULE OS_TASK
OBJECT MODULE PLACED IN os_task.obj
COMPILER INVOKED BY: C:\Keil\C51\BIN\C51.EXE USER\os_task.c LARGE OPTIMIZE(6,SPEED) BROWSE INCDIR(.\OS;.\APP;.\USER;.\SY
                    -S;.\DRIVES) DEBUG OBJECTEXTEND PRINT(.\os_task.lst) TABS(2) OBJECT(os_task.obj)

line level    source

   1          #define OSTASK
   2          #include "includes.h"
   3          
   4          void Task1()
   5          {
   6   1        for(;;)
   7   1        {
   8   2          OSDelayTick(10);
   9   2        }
  10   1      }
  11          void Task2()
  12          {
  13   1        for(;;)
  14   1        {
  15   2          OSDelayTick(10);
  16   2        }
  17   1      }
  18          
  19          void Task3()
  20          {
  21   1        for(;;)
  22   1        {
  23   2          OSDelayTick(10);
  24   2        }
  25   1      }
  26          
  27          void Task4()
  28          {
  29   1        for(;;)
  30   1        {
  31   2          OSDelayTick(10);
  32   2        }
  33   1      }
  34          
  35          void Task5()
  36          {
  37   1        for(;;)
  38   1        {
  39   2          OSDelayTick(10);
  40   2        }
  41   1      }
  42          
  43          
  44          
  45          
  46          
  47          
  48          
  49          
  50          


MODULE INFORMATION:   STATIC OVERLAYABLE
   CODE SIZE        =     50    ----
C51 COMPILER V9.52.0.0   OS_TASK                                                           11/28/2018 11:29:43 PAGE 2   

   CONSTANT SIZE    =   ----    ----
   XDATA SIZE       =    320    ----
   PDATA SIZE       =   ----    ----
   DATA SIZE        =   ----    ----
   IDATA SIZE       =   ----    ----
   BIT SIZE         =   ----    ----
END OF MODULE INFORMATION.


C51 COMPILATION COMPLETE.  0 WARNING(S),  0 ERROR(S)
